<?xml version="1.0" encoding="UTF-8"?>
<!-- Generated by org.testng.reporters.JUnitReportReporter -->
<testsuite skipped="0" hostname="ip-172-31-9-88" name="restAPI.PostRequest1" tests="1" failures="0" timestamp="22 Mar 2021 06:35:48 GMT" time="1.170" errors="0">
  <testcase name="test2" time="1.170" classname="restAPI.PostRequest1"/>
</testsuite> <!-- restAPI.PostRequest1 -->
