<?xml version="1.0" encoding="UTF-8"?>
<!-- Generated by org.testng.reporters.JUnitReportReporter -->
<testsuite skipped="0" hostname="ip-172-31-9-88" name="restAPI.PostrRequest" tests="1" failures="0" timestamp="18 Mar 2021 06:41:40 GMT" time="1.144" errors="0">
  <testcase name="test1" time="1.144" classname="restAPI.PostrRequest"/>
</testsuite> <!-- restAPI.PostrRequest -->
