<?xml version="1.0" encoding="UTF-8"?>
<!-- Generated by org.testng.reporters.JUnitReportReporter -->
<testsuite skipped="0" hostname="ip-172-31-9-88" name="restAPI.GetRequestWithParams" tests="1" failures="0" timestamp="18 Mar 2021 06:29:45 GMT" time="1.724" errors="0">
  <testcase name="test1" time="1.724" classname="restAPI.GetRequestWithParams"/>
</testsuite> <!-- restAPI.GetRequestWithParams -->
