<?xml version="1.0" encoding="UTF-8"?>
<!-- Generated by org.testng.reporters.JUnitReportReporter -->
<testsuite skipped="0" hostname="ip-172-31-9-88" name="restAPI.PutRequest" tests="1" failures="0" timestamp="18 Mar 2021 07:04:08 GMT" time="1.136" errors="0">
  <testcase name="test1" time="1.136" classname="restAPI.PutRequest"/>
</testsuite> <!-- restAPI.PutRequest -->
