<?xml version="1.0" encoding="UTF-8"?>
<!-- Generated by org.testng.reporters.JUnitReportReporter -->
<testsuite skipped="0" hostname="ip-172-31-9-88" name="restAPI.GetRequestwithLogger" tests="1" failures="0" timestamp="22 Mar 2021 07:09:11 GMT" time="0.010" errors="0">
  <testcase name="test1" time="0.010" classname="restAPI.GetRequestwithLogger"/>
</testsuite> <!-- restAPI.GetRequestwithLogger -->
