<?xml version="1.0" encoding="UTF-8"?>
<!-- Generated by org.testng.reporters.JUnitReportReporter -->
<testsuite skipped="0" hostname="ip-172-31-9-88" name="oAuth.Token" tests="1" failures="0" timestamp="22 Mar 2021 05:31:48 GMT" time="1.711" errors="0">
  <testcase name="test1" time="1.711" classname="oAuth.Token"/>
</testsuite> <!-- oAuth.Token -->
