<?xml version="1.0" encoding="UTF-8"?>
<!-- Generated by org.testng.reporters.JUnitReportReporter -->
<testsuite skipped="0" hostname="ip-172-31-9-88" name="test.LoginTest" tests="1" failures="0" timestamp="2021-02-22T05:14:48 UTC" time="4.688" errors="0">
  <testcase name="testcase1" time="4.688" classname="test.LoginTest"/>
  <system-out/>
</testsuite> <!-- test.LoginTest -->
